# JRE version: Java(TM) SE Runtime Environment (8.0_66-b17) (build 1.8.0_66-b17)
# Java VM: Java HotSpot(TM) 64-Bit Server VM (25.66-b17 mixed mode linux-amd64 compressed oops)
Heap:
 PSYoungGen      total 952832K, used 148461K [0x000000076ab00000, 0x00000007aff00000, 0x00000007c0000000)
  eden space 804352K, 0% used [0x000000076ab00000,0x000000076ab00000,0x000000079bc80000)
  from space 148480K, 99% used [0x000000079bc80000,0x00000007a4d7b7d8,0x00000007a4d80000)
  to   space 125952K, 0% used [0x00000007a4d80000,0x00000007a4d80000,0x00000007ac880000)
 ParOldGen       total 1084928K, used 806655K [0x00000006c0000000, 0x0000000702380000, 0x000000076ab00000)
  object space 1084928K, 74% used [0x00000006c0000000,0x00000006f13bfea0,0x0000000702380000)
 Metaspace       used 9340K, capacity 9524K, committed 9728K, reserved 1058816K
  class space    used 1150K, capacity 1212K, committed 1280K, reserved 1048576K
GC Heap History (10 events):
Event: 12,656 GC heap after
Heap after GC invocations=25 (full 6):
 PSYoungGen      total 710656K, used 93664K [0x000000076ab00000, 0x00000007a4780000, 0x00000007c0000000)
  eden space 616960K, 0% used [0x000000076ab00000,0x000000076ab00000,0x0000000790580000)
  from space 93696K, 99% used [0x0000000790580000,0x00000007960f8290,0x0000000796100000)
  to   space 114176K, 0% used [0x000000079d800000,0x000000079d800000,0x00000007a4780000)
 ParOldGen       total 665088K, used 477028K [0x00000006c0000000, 0x00000006e8980000, 0x000000076ab00000)
  object space 665088K, 71% used [0x00000006c0000000,0x00000006dd1d90c0,0x00000006e8980000)
 Metaspace       used 9230K, capacity 9364K, committed 9472K, reserved 1056768K
  class space    used 1141K, capacity 1180K, committed 1280K, reserved 1048576K
}
Event: 13,360 GC heap before
{Heap before GC invocations=26 (full 6):
 PSYoungGen      total 710656K, used 710624K [0x000000076ab00000, 0x00000007a4780000, 0x00000007c0000000)
  eden space 616960K, 100% used [0x000000076ab00000,0x0000000790580000,0x0000000790580000)
  from space 93696K, 99% used [0x0000000790580000,0x00000007960f8290,0x0000000796100000)
  to   space 114176K, 0% used [0x000000079d800000,0x000000079d800000,0x00000007a4780000)
 ParOldGen       total 665088K, used 477028K [0x00000006c0000000, 0x00000006e8980000, 0x000000076ab00000)
  object space 665088K, 71% used [0x00000006c0000000,0x00000006dd1d90c0,0x00000006e8980000)
 Metaspace       used 9230K, capacity 9364K, committed 9472K, reserved 1056768K
  class space    used 1141K, capacity 1180K, committed 1280K, reserved 1048576K
Event: 13,986 GC heap after
Heap after GC invocations=26 (full 6):
 PSYoungGen      total 819200K, used 101375K [0x000000076ab00000, 0x00000007a6f80000, 0x00000007c0000000)
  eden space 705024K, 0% used [0x000000076ab00000,0x000000076ab00000,0x0000000795b80000)
  from space 114176K, 88% used [0x000000079d800000,0x00000007a3affe58,0x00000007a4780000)
  to   space 127488K, 0% used [0x0000000795b80000,0x0000000795b80000,0x000000079d800000)
 ParOldGen       total 870912K, used 828247K [0x00000006c0000000, 0x00000006f5280000, 0x000000076ab00000)
  object space 870912K, 95% used [0x00000006c0000000,0x00000006f28d5dc0,0x00000006f5280000)
 Metaspace       used 9230K, capacity 9364K, committed 9472K, reserved 1056768K
  class space    used 1141K, capacity 1180K, committed 1280K, reserved 1048576K
}
Event: 13,986 GC heap before
{Heap before GC invocations=27 (full 7):
 PSYoungGen      total 819200K, used 101375K [0x000000076ab00000, 0x00000007a6f80000, 0x00000007c0000000)
  eden space 705024K, 0% used [0x000000076ab00000,0x000000076ab00000,0x0000000795b80000)
  from space 114176K, 88% used [0x000000079d800000,0x00000007a3affe58,0x00000007a4780000)
  to   space 127488K, 0% used [0x0000000795b80000,0x0000000795b80000,0x000000079d800000)
 ParOldGen       total 870912K, used 828247K [0x00000006c0000000, 0x00000006f5280000, 0x000000076ab00000)
  object space 870912K, 95% used [0x00000006c0000000,0x00000006f28d5dc0,0x00000006f5280000)
 Metaspace       used 9230K, capacity 9364K, committed 9472K, reserved 1056768K
  class space    used 1141K, capacity 1180K, committed 1280K, reserved 1048576K
Event: 15,603 GC heap after
Heap after GC invocations=27 (full 7):
 PSYoungGen      total 819200K, used 0K [0x000000076ab00000, 0x00000007a6f80000, 0x00000007c0000000)
  eden space 705024K, 0% used [0x000000076ab00000,0x000000076ab00000,0x0000000795b80000)
  from space 114176K, 0% used [0x000000079d800000,0x000000079d800000,0x00000007a4780000)
  to   space 127488K, 0% used [0x0000000795b80000,0x0000000795b80000,0x000000079d800000)
 ParOldGen       total 1084928K, used 761290K [0x00000006c0000000, 0x0000000702380000, 0x000000076ab00000)
  object space 1084928K, 70% used [0x00000006c0000000,0x00000006ee772a68,0x0000000702380000)
 Metaspace       used 9230K, capacity 9364K, committed 9472K, reserved 1056768K
  class space    used 1141K, capacity 1180K, committed 1280K, reserved 1048576K
}
Event: 16,616 GC heap before
{Heap before GC invocations=28 (full 7):
 PSYoungGen      total 819200K, used 705024K [0x000000076ab00000, 0x00000007a6f80000, 0x00000007c0000000)
  eden space 705024K, 100% used [0x000000076ab00000,0x0000000795b80000,0x0000000795b80000)
  from space 114176K, 0% used [0x000000079d800000,0x000000079d800000,0x00000007a4780000)
  to   space 127488K, 0% used [0x0000000795b80000,0x0000000795b80000,0x000000079d800000)
 ParOldGen       total 1084928K, used 761290K [0x00000006c0000000, 0x0000000702380000, 0x000000076ab00000)
  object space 1084928K, 70% used [0x00000006c0000000,0x00000006ee772a68,0x0000000702380000)
 Metaspace       used 9230K, capacity 9364K, committed 9472K, reserved 1056768K
  class space    used 1141K, capacity 1180K, committed 1280K, reserved 1048576K
Event: 16,963 GC heap after
Heap after GC invocations=28 (full 7):
 PSYoungGen      total 832512K, used 68736K [0x000000076ab00000, 0x00000007ac880000, 0x00000007c0000000)
  eden space 705024K, 0% used [0x000000076ab00000,0x000000076ab00000,0x0000000795b80000)
  from space 127488K, 53% used [0x0000000795b80000,0x0000000799ea02b0,0x000000079d800000)
  to   space 125952K, 0% used [0x00000007a4d80000,0x00000007a4d80000,0x00000007ac880000)
 ParOldGen       total 1084928K, used 761290K [0x00000006c0000000, 0x0000000702380000, 0x000000076ab00000)
  object space 1084928K, 70% used [0x00000006c0000000,0x00000006ee772a68,0x0000000702380000)
 Metaspace       used 9230K, capacity 9364K, committed 9472K, reserved 1056768K
  class space    used 1141K, capacity 1180K, committed 1280K, reserved 1048576K
}
Event: 17,937 GC heap before
{Heap before GC invocations=29 (full 7):
 PSYoungGen      total 832512K, used 773760K [0x000000076ab00000, 0x00000007ac880000, 0x00000007c0000000)
  eden space 705024K, 100% used [0x000000076ab00000,0x0000000795b80000,0x0000000795b80000)
  from space 127488K, 53% used [0x0000000795b80000,0x0000000799ea02b0,0x000000079d800000)
  to   space 125952K, 0% used [0x00000007a4d80000,0x00000007a4d80000,0x00000007ac880000)
 ParOldGen       total 1084928K, used 761290K [0x00000006c0000000, 0x0000000702380000, 0x000000076ab00000)
  object space 1084928K, 70% used [0x00000006c0000000,0x00000006ee772a68,0x0000000702380000)
 Metaspace       used 9230K, capacity 9364K, committed 9472K, reserved 1056768K
  class space    used 1141K, capacity 1180K, committed 1280K, reserved 1048576K
Event: 18,611 GC heap after
Heap after GC invocations=29 (full 7):
 PSYoungGen      total 930304K, used 125952K [0x000000076ab00000, 0x00000007aff00000, 0x00000007c0000000)
  eden space 804352K, 0% used [0x000000076ab00000,0x000000076ab00000,0x000000079bc80000)
  from space 125952K, 100% used [0x00000007a4d80000,0x00000007ac880000,0x00000007ac880000)
  to   space 148480K, 0% used [0x000000079bc80000,0x000000079bc80000,0x00000007a4d80000)
 ParOldGen       total 1084928K, used 769866K [0x00000006c0000000, 0x0000000702380000, 0x000000076ab00000)
  object space 1084928K, 70% used [0x00000006c0000000,0x00000006eefd2a68,0x0000000702380000)
 Metaspace       used 9230K, capacity 9364K, committed 9472K, reserved 1056768K
  class space    used 1141K, capacity 1180K, committed 1280K, reserved 1048576K
}
Event: 19,632 GC heap before
{Heap before GC invocations=30 (full 7):
 PSYoungGen      total 930304K, used 930304K [0x000000076ab00000, 0x00000007aff00000, 0x00000007c0000000)
  eden space 804352K, 100% used [0x000000076ab00000,0x000000079bc80000,0x000000079bc80000)
  from space 125952K, 100% used [0x00000007a4d80000,0x00000007ac880000,0x00000007ac880000)
  to   space 148480K, 0% used [0x000000079bc80000,0x000000079bc80000,0x00000007a4d80000)
 ParOldGen       total 1084928K, used 769866K [0x00000006c0000000, 0x0000000702380000, 0x000000076ab00000)
  object space 1084928K, 70% used [0x00000006c0000000,0x00000006eefd2a68,0x0000000702380000)
 Metaspace       used 9340K, capacity 9524K, committed 9728K, reserved 1058816K
  class space    used 1150K, capacity 1212K, committed 1280K, reserved 1048576K

