# JRE version: Java(TM) SE Runtime Environment (8.0_66-b17) (build 1.8.0_66-b17)
# Java VM: Java HotSpot(TM) 64-Bit Server VM (25.66-b17 mixed mode linux-amd64 compressed oops)
Heap:
 PSYoungGen      total 656384K, used 629466K [0x000000076ab00000, 0x0000000798d00000, 0x00000007c0000000)
  eden space 577536K, 100% used [0x000000076ab00000,0x000000078df00000,0x000000078df00000)
  from space 78848K, 65% used [0x0000000794000000,0x00000007972b6920,0x0000000798d00000)
  to   space 89088K, 29% used [0x000000078df00000,0x000000078f88ea98,0x0000000793600000)
 ParOldGen       total 684032K, used 626240K [0x00000006c0000000, 0x00000006e9c00000, 0x000000076ab00000)
  object space 684032K, 91% used [0x00000006c0000000,0x00000006e6390040,0x00000006e9c00000)
 Metaspace       used 9189K, capacity 9364K, committed 9472K, reserved 1056768K
  class space    used 1140K, capacity 1180K, committed 1280K, reserved 1048576K
GC Heap History (10 events):
Event: 18,307 GC heap after
Heap after GC invocations=23 (full 4):
 PSYoungGen      total 484864K, used 43665K [0x000000076ab00000, 0x0000000793000000, 0x00000007c0000000)
  eden space 386048K, 0% used [0x000000076ab00000,0x000000076ab00000,0x0000000782400000)
  from space 98816K, 44% used [0x0000000782400000,0x0000000784ea46a0,0x0000000788480000)
  to   space 94720K, 0% used [0x000000078d380000,0x000000078d380000,0x0000000793000000)
 ParOldGen       total 543744K, used 384173K [0x00000006c0000000, 0x00000006e1300000, 0x000000076ab00000)
  object space 543744K, 70% used [0x00000006c0000000,0x00000006d772b790,0x00000006e1300000)
 Metaspace       used 9185K, capacity 9364K, committed 9472K, reserved 1056768K
  class space    used 1140K, capacity 1180K, committed 1280K, reserved 1048576K
}
Event: 18,802 GC heap before
{Heap before GC invocations=24 (full 4):
 PSYoungGen      total 484864K, used 429713K [0x000000076ab00000, 0x0000000793000000, 0x00000007c0000000)
  eden space 386048K, 100% used [0x000000076ab00000,0x0000000782400000,0x0000000782400000)
  from space 98816K, 44% used [0x0000000782400000,0x0000000784ea46a0,0x0000000788480000)
  to   space 94720K, 0% used [0x000000078d380000,0x000000078d380000,0x0000000793000000)
 ParOldGen       total 543744K, used 384173K [0x00000006c0000000, 0x00000006e1300000, 0x000000076ab00000)
  object space 543744K, 70% used [0x00000006c0000000,0x00000006d772b790,0x00000006e1300000)
 Metaspace       used 9185K, capacity 9364K, committed 9472K, reserved 1056768K
  class space    used 1140K, capacity 1180K, committed 1280K, reserved 1048576K
Event: 19,888 GC heap after
Heap after GC invocations=24 (full 4):
 PSYoungGen      total 567296K, used 42670K [0x000000076ab00000, 0x0000000792d00000, 0x00000007c0000000)
  eden space 475648K, 0% used [0x000000076ab00000,0x000000076ab00000,0x0000000787b80000)
  from space 91648K, 46% used [0x000000078d380000,0x000000078fd2bb68,0x0000000792d00000)
  to   space 90112K, 0% used [0x0000000787b80000,0x0000000787b80000,0x000000078d380000)
 ParOldGen       total 543744K, used 427261K [0x00000006c0000000, 0x00000006e1300000, 0x000000076ab00000)
  object space 543744K, 78% used [0x00000006c0000000,0x00000006da13f790,0x00000006e1300000)
 Metaspace       used 9185K, capacity 9364K, committed 9472K, reserved 1056768K
  class space    used 1140K, capacity 1180K, committed 1280K, reserved 1048576K
}
Event: 20,592 GC heap before
{Heap before GC invocations=25 (full 4):
 PSYoungGen      total 567296K, used 518318K [0x000000076ab00000, 0x0000000792d00000, 0x00000007c0000000)
  eden space 475648K, 100% used [0x000000076ab00000,0x0000000787b80000,0x0000000787b80000)
  from space 91648K, 46% used [0x000000078d380000,0x000000078fd2bb68,0x0000000792d00000)
  to   space 90112K, 0% used [0x0000000787b80000,0x0000000787b80000,0x000000078d380000)
 ParOldGen       total 543744K, used 427261K [0x00000006c0000000, 0x00000006e1300000, 0x000000076ab00000)
  object space 543744K, 78% used [0x00000006c0000000,0x00000006da13f790,0x00000006e1300000)
 Metaspace       used 9188K, capacity 9364K, committed 9472K, reserved 1056768K
  class space    used 1140K, capacity 1180K, committed 1280K, reserved 1048576K
Event: 21,134 GC heap after
Heap after GC invocations=25 (full 4):
 PSYoungGen      total 565760K, used 52241K [0x000000076ab00000, 0x0000000799780000, 0x00000007c0000000)
  eden space 475648K, 0% used [0x000000076ab00000,0x000000076ab00000,0x0000000787b80000)
  from space 90112K, 57% used [0x0000000787b80000,0x000000078ae844f0,0x000000078d380000)
  to   space 89600K, 0% used [0x0000000794000000,0x0000000794000000,0x0000000799780000)
 ParOldGen       total 543744K, used 469829K [0x00000006c0000000, 0x00000006e1300000, 0x000000076ab00000)
  object space 543744K, 86% used [0x00000006c0000000,0x00000006dcad1790,0x00000006e1300000)
 Metaspace       used 9188K, capacity 9364K, committed 9472K, reserved 1056768K
  class space    used 1140K, capacity 1180K, committed 1280K, reserved 1048576K
}
Event: 21,134 GC heap before
{Heap before GC invocations=26 (full 5):
 PSYoungGen      total 565760K, used 52241K [0x000000076ab00000, 0x0000000799780000, 0x00000007c0000000)
  eden space 475648K, 0% used [0x000000076ab00000,0x000000076ab00000,0x0000000787b80000)
  from space 90112K, 57% used [0x0000000787b80000,0x000000078ae844f0,0x000000078d380000)
  to   space 89600K, 0% used [0x0000000794000000,0x0000000794000000,0x0000000799780000)
 ParOldGen       total 543744K, used 469829K [0x00000006c0000000, 0x00000006e1300000, 0x000000076ab00000)
  object space 543744K, 86% used [0x00000006c0000000,0x00000006dcad1790,0x00000006e1300000)
 Metaspace       used 9188K, capacity 9364K, committed 9472K, reserved 1056768K
  class space    used 1140K, capacity 1180K, committed 1280K, reserved 1048576K
Event: 23,227 GC heap after
Heap after GC invocations=26 (full 5):
 PSYoungGen      total 565760K, used 0K [0x000000076ab00000, 0x0000000799780000, 0x00000007c0000000)
  eden space 475648K, 0% used [0x000000076ab00000,0x000000076ab00000,0x0000000787b80000)
  from space 90112K, 0% used [0x0000000787b80000,0x0000000787b80000,0x000000078d380000)
  to   space 89600K, 0% used [0x0000000794000000,0x0000000794000000,0x0000000799780000)
 ParOldGen       total 684032K, used 520893K [0x00000006c0000000, 0x00000006e9c00000, 0x000000076ab00000)
  object space 684032K, 76% used [0x00000006c0000000,0x00000006dfcaf628,0x00000006e9c00000)
 Metaspace       used 9188K, capacity 9364K, committed 9472K, reserved 1056768K
  class space    used 1140K, capacity 1180K, committed 1280K, reserved 1048576K
}
Event: 23,663 GC heap before
{Heap before GC invocations=27 (full 5):
 PSYoungGen      total 565760K, used 475648K [0x000000076ab00000, 0x0000000799780000, 0x00000007c0000000)
  eden space 475648K, 100% used [0x000000076ab00000,0x0000000787b80000,0x0000000787b80000)
  from space 90112K, 0% used [0x0000000787b80000,0x0000000787b80000,0x000000078d380000)
  to   space 89600K, 0% used [0x0000000794000000,0x0000000794000000,0x0000000799780000)
 ParOldGen       total 684032K, used 520893K [0x00000006c0000000, 0x00000006e9c00000, 0x000000076ab00000)
  object space 684032K, 76% used [0x00000006c0000000,0x00000006dfcaf628,0x00000006e9c00000)
 Metaspace       used 9189K, capacity 9364K, committed 9472K, reserved 1056768K
  class space    used 1140K, capacity 1180K, committed 1280K, reserved 1048576K
Event: 24,198 GC heap after
Heap after GC invocations=27 (full 5):
 PSYoungGen      total 656384K, used 51930K [0x000000076ab00000, 0x0000000798d00000, 0x00000007c0000000)
  eden space 577536K, 0% used [0x000000076ab00000,0x000000076ab00000,0x000000078df00000)
  from space 78848K, 65% used [0x0000000794000000,0x00000007972b6920,0x0000000798d00000)
  to   space 89088K, 0% used [0x000000078df00000,0x000000078df00000,0x0000000793600000)
 ParOldGen       total 684032K, used 520893K [0x00000006c0000000, 0x00000006e9c00000, 0x000000076ab00000)
  object space 684032K, 76% used [0x00000006c0000000,0x00000006dfcaf628,0x00000006e9c00000)
 Metaspace       used 9189K, capacity 9364K, committed 9472K, reserved 1056768K
  class space    used 1140K, capacity 1180K, committed 1280K, reserved 1048576K
}
Event: 24,853 GC heap before
{Heap before GC invocations=28 (full 5):
 PSYoungGen      total 656384K, used 629466K [0x000000076ab00000, 0x0000000798d00000, 0x00000007c0000000)
  eden space 577536K, 100% used [0x000000076ab00000,0x000000078df00000,0x000000078df00000)
  from space 78848K, 65% used [0x0000000794000000,0x00000007972b6920,0x0000000798d00000)
  to   space 89088K, 0% used [0x000000078df00000,0x000000078df00000,0x0000000793600000)
 ParOldGen       total 684032K, used 520893K [0x00000006c0000000, 0x00000006e9c00000, 0x000000076ab00000)
  object space 684032K, 76% used [0x00000006c0000000,0x00000006dfcaf628,0x00000006e9c00000)
 Metaspace       used 9189K, capacity 9364K, committed 9472K, reserved 1056768K
  class space    used 1140K, capacity 1180K, committed 1280K, reserved 1048576K

